<?xml version="1.0" encoding="UTF-8"?>
<testsuite name="Character.BasePlayerProductionTest" tests="4" skipped="0" failures="0" errors="0" timestamp="2026-03-04T14:39:15.692Z" hostname="BAILSE" time="0.038">
  <properties/>
  <testcase name="numericSettersClampToZeroForNegativeOrZeroValues()" classname="Character.BasePlayerProductionTest" time="0.032"/>
  <testcase name="walkConsumesStaminaAndNeverGoesNegative()" classname="Character.BasePlayerProductionTest" time="0.001"/>
  <testcase name="walkCostIsReducedWhenVehicleEquipped()" classname="Character.BasePlayerProductionTest" time="0.002"/>
  <testcase name="maxUnlockedLevelNeverNegative()" classname="Character.BasePlayerProductionTest" time="0.0"/>
  <system-out><![CDATA[]]></system-out>
  <system-err><![CDATA[]]></system-err>
</testsuite>
