<?xml version="1.0" encoding="UTF-8"?>
<testsuite name="Character.NerdTest" tests="2" skipped="0" failures="0" errors="0" timestamp="2026-03-04T14:39:16.543Z" hostname="BAILSE" time="0.056">
  <properties/>
  <testcase name="constructorSetsExpectedBaselineStats()" classname="Character.NerdTest" time="0.028"/>
  <testcase name="imagesAndImagePathArePresent()" classname="Character.NerdTest" time="0.027"/>
  <system-out><![CDATA[]]></system-out>
  <system-err><![CDATA[]]></system-err>
</testsuite>
