<?xml version="1.0" encoding="UTF-8"?>
<testsuite name="Character.NormalGuyTest" tests="2" skipped="0" failures="0" errors="0" timestamp="2026-03-04T14:39:16.601Z" hostname="BAILSE" time="0.051">
  <properties/>
  <testcase name="constructorSetsExpectedBaselineStats()" classname="Character.NormalGuyTest" time="0.026"/>
  <testcase name="imagesAndImagePathArePresent()" classname="Character.NormalGuyTest" time="0.024"/>
  <system-out><![CDATA[]]></system-out>
  <system-err><![CDATA[]]></system-err>
</testsuite>
