<?xml version="1.0" encoding="UTF-8"?>
<testsuite name="Logic.GameSessionTest" tests="3" skipped="0" failures="0" errors="0" timestamp="2026-03-04T14:39:17.023Z" hostname="BAILSE" time="0.003">
  <properties/>
  <testcase name="setBasePlayerWithNullIsSafe()" classname="Logic.GameSessionTest" time="0.002"/>
  <testcase name="setBasePlayerResetsRoundAndInitialStamina()" classname="Logic.GameSessionTest" time="0.001"/>
  <testcase name="advanceRoundStopsAtMaxRounds()" classname="Logic.GameSessionTest" time="0.0"/>
  <system-out><![CDATA[]]></system-out>
  <system-err><![CDATA[]]></system-err>
</testsuite>
