<?xml version="1.0" encoding="UTF-8"?>
<testsuite name="Item.ItemInventoryTest" tests="4" skipped="0" failures="0" errors="0" timestamp="2026-03-04T14:39:17.014Z" hostname="BAILSE" time="0.005">
  <properties/>
  <testcase name="addItemPlacesCorrectItemInCorrectSlot()" classname="Item.ItemInventoryTest" time="0.001"/>
  <testcase name="addNullDoesNotCrashOrChangeInventory()" classname="Item.ItemInventoryTest" time="0.001"/>
  <testcase name="inventoryStartsWithFixedSlotsAndNulls()" classname="Item.ItemInventoryTest" time="0.0"/>
  <testcase name="addingSameCategoryOverwritesOnlyThatSlot()" classname="Item.ItemInventoryTest" time="0.0"/>
  <system-out><![CDATA[]]></system-out>
  <system-err><![CDATA[]]></system-err>
</testsuite>
