<?xml version="1.0" encoding="UTF-8"?>
<testsuite name="Character.GymBroTest" tests="2" skipped="0" failures="0" errors="0" timestamp="2026-03-04T14:39:16.432Z" hostname="BAILSE" time="0.109">
  <properties/>
  <testcase name="constructorSetsExpectedBaselineStats()" classname="Character.GymBroTest" time="0.082"/>
  <testcase name="imagesAndImagePathArePresent()" classname="Character.GymBroTest" time="0.027"/>
  <system-out><![CDATA[]]></system-out>
  <system-err><![CDATA[Mar 04, 2026 9:39:15 PM com.sun.javafx.application.PlatformImpl startup
WARNING: Unsupported JavaFX configuration: classes were loaded from 'unnamed module @8317c52'
]]></system-err>
</testsuite>
