<?xml version="1.0" encoding="UTF-8"?>
<testsuite name="Character.PlayerCreateTest" tests="6" skipped="0" failures="0" errors="0" timestamp="2026-03-04T14:39:16.716Z" hostname="BAILSE" time="0.277">
  <properties/>
  <testcase name="createReturnsCorrectSubtype()" classname="Character.PlayerCreateTest" time="0.107"/>
  <testcase name="createWithNullTypeThrows()" classname="Character.PlayerCreateTest" time="0.002"/>
  <testcase name="[1] GYMBRO" classname="Character.PlayerCreateTest" time="0.047"/>
  <testcase name="[2] NERD" classname="Character.PlayerCreateTest" time="0.026"/>
  <testcase name="[3] OTAKU" classname="Character.PlayerCreateTest" time="0.03"/>
  <testcase name="[4] NORMAL" classname="Character.PlayerCreateTest" time="0.025"/>
  <system-out><![CDATA[]]></system-out>
  <system-err><![CDATA[]]></system-err>
</testsuite>
